2018-03-26 08:47:57,521 [Worker-6] INFO  c.g.t.t.d.PublishedGradleVersions - Gradle version information cache is not available. Remote download required.
2018-03-26 08:48:48,371 [Worker-5] INFO  o.e.m.c.i.l.LifecycleMappingFactory - Using org.eclipse.m2e.jdt.JarLifecycleMapping lifecycle mapping for MavenProject: fr.iutinfo.skeleton:cli:1.0-SNAPSHOT @ /home/infoetu/sengesc/neodrone/neodrone_serveur/command-line-interface/pom.xml.
2018-03-26 08:48:48,647 [Worker-5] INFO  o.e.m.c.i.l.LifecycleMappingFactory - Using org.eclipse.m2e.jdt.JarLifecycleMapping lifecycle mapping for MavenProject: fr.iutinfo.skeleton:common:1.0-SNAPSHOT @ /home/infoetu/sengesc/neodrone/neodrone_serveur/common/pom.xml.
2018-03-26 08:48:48,694 [Worker-5] INFO  o.e.m.c.i.l.LifecycleMappingFactory - Using org.eclipse.m2e.jdt.JarLifecycleMapping lifecycle mapping for MavenProject: fr.iutinfo.skeleton:server:1.0-SNAPSHOT @ /home/infoetu/sengesc/neodrone/neodrone_serveur/server/pom.xml.
2018-03-26 08:48:49,303 [Worker-5] INFO  o.e.m.c.i.l.LifecycleMappingFactory - Using org.eclipse.m2e.jdt.JarLifecycleMapping lifecycle mapping for MavenProject: fr.iutinfo.skeleton:client-library:1.0-SNAPSHOT @ /home/infoetu/sengesc/neodrone/neodrone_serveur/client-library/pom.xml.
2018-03-26 08:48:49,417 [Worker-5] INFO  o.e.m.c.i.l.LifecycleMappingFactory - Using org.maven.ide.eclipse.wtp.WarLifecycleMapping lifecycle mapping for MavenProject: fr.iutinfo.skeleton:war:1.0-SNAPSHOT @ /home/infoetu/sengesc/neodrone/neodrone_serveur/war/pom.xml.
2018-03-26 08:48:53,582 [Worker-5] INFO  o.e.m.j.i.AbstractJavaProjectConfigurator - Adding source folder /common/src/main/java
2018-03-26 08:48:53,590 [Worker-5] INFO  o.e.m.j.i.AbstractJavaProjectConfigurator - Adding source folder /common/src/test/java
2018-03-26 08:48:53,677 [Worker-5] INFO  o.e.m.j.i.AbstractJavaProjectConfigurator - Adding source folder /server/src/main/java
2018-03-26 08:48:53,678 [Worker-5] INFO  o.e.m.j.i.AbstractJavaProjectConfigurator - Adding resource folder /server/src/main/resources
2018-03-26 08:48:53,678 [Worker-5] INFO  o.e.m.j.i.AbstractJavaProjectConfigurator - Adding resource folder /server/src/main/webapp
2018-03-26 08:48:53,688 [Worker-5] INFO  o.e.m.j.i.AbstractJavaProjectConfigurator - Adding source folder /server/src/test/java
2018-03-26 08:48:54,012 [Worker-5] INFO  o.e.m.j.i.AbstractJavaProjectConfigurator - Adding source folder /client-library/src/main/java
2018-03-26 08:48:54,013 [Worker-5] INFO  o.e.m.j.i.AbstractJavaProjectConfigurator - Adding source folder /client-library/src/test/java
2018-03-26 08:48:54,476 [Worker-5] INFO  o.e.m.j.i.AbstractJavaProjectConfigurator - Adding source folder /command-line-interface/src/main/java
2018-03-26 08:48:54,476 [Worker-5] INFO  o.e.m.j.i.AbstractJavaProjectConfigurator - Adding resource folder /command-line-interface/src/main/resources
2018-03-26 08:48:54,477 [Worker-5] INFO  o.e.m.j.i.AbstractJavaProjectConfigurator - Adding source folder /command-line-interface/src/test/java
2018-03-26 08:48:54,528 [Worker-5] INFO  o.e.m.j.i.AbstractJavaProjectConfigurator - Adding source folder /war/src/main/java
2018-03-26 08:48:54,529 [Worker-5] INFO  o.e.m.j.i.AbstractJavaProjectConfigurator - Adding source folder /war/src/test/java
2018-03-26 08:48:55,385 [Worker-5] INFO  o.e.m.c.i.p.ProjectConfigurationManager - Imported and configured 5 project(s) in 9 sec
2018-03-26 08:48:55,988 [Worker-0] INFO  o.e.m.c.i.embedder.EclipseLogger - Using 'UTF-8' encoding to copy filtered resources.
2018-03-26 08:48:55,993 [Worker-0] INFO  o.e.m.c.i.embedder.EclipseLogger - Copying 1 resource
2018-03-26 08:48:55,998 [Worker-0] INFO  o.e.m.c.i.embedder.EclipseLogger - Using 'UTF-8' encoding to copy filtered resources.
2018-03-26 08:48:55,998 [Worker-0] INFO  o.e.m.c.i.embedder.EclipseLogger - skip non existing resourceDirectory /home/infoetu/sengesc/neodrone/neodrone_serveur/command-line-interface/src/test/resources
2018-03-26 08:48:56,381 [Worker-0] INFO  o.e.m.c.i.embedder.EclipseLogger - Using 'UTF-8' encoding to copy filtered resources.
2018-03-26 08:48:56,381 [Worker-0] INFO  o.e.m.c.i.embedder.EclipseLogger - skip non existing resourceDirectory /home/infoetu/sengesc/neodrone/neodrone_serveur/common/src/main/resources
2018-03-26 08:48:56,382 [Worker-0] INFO  o.e.m.c.i.embedder.EclipseLogger - Using 'UTF-8' encoding to copy filtered resources.
2018-03-26 08:48:56,382 [Worker-0] INFO  o.e.m.c.i.embedder.EclipseLogger - skip non existing resourceDirectory /home/infoetu/sengesc/neodrone/neodrone_serveur/common/src/test/resources
2018-03-26 08:48:56,600 [Worker-0] INFO  o.e.m.c.i.embedder.EclipseLogger - Using 'UTF-8' encoding to copy filtered resources.
2018-03-26 08:48:56,601 [Worker-0] INFO  o.e.m.c.i.embedder.EclipseLogger - Copying 1 resource
2018-03-26 08:48:56,604 [Worker-0] INFO  o.e.m.c.i.embedder.EclipseLogger - Copying 34 resources
2018-03-26 08:48:56,606 [Worker-0] INFO  o.e.m.c.i.embedder.EclipseLogger - Using 'UTF-8' encoding to copy filtered resources.
2018-03-26 08:48:56,607 [Worker-0] INFO  o.e.m.c.i.embedder.EclipseLogger - skip non existing resourceDirectory /home/infoetu/sengesc/neodrone/neodrone_serveur/server/src/test/resources
2018-03-26 08:48:56,793 [Worker-0] INFO  o.e.m.c.i.embedder.EclipseLogger - Using 'UTF-8' encoding to copy filtered resources.
2018-03-26 08:48:56,793 [Worker-0] INFO  o.e.m.c.i.embedder.EclipseLogger - skip non existing resourceDirectory /home/infoetu/sengesc/neodrone/neodrone_serveur/client-library/src/main/resources
2018-03-26 08:48:56,793 [Worker-0] INFO  o.e.m.c.i.embedder.EclipseLogger - Using 'UTF-8' encoding to copy filtered resources.
2018-03-26 08:48:56,796 [Worker-0] INFO  o.e.m.c.i.embedder.EclipseLogger - skip non existing resourceDirectory /home/infoetu/sengesc/neodrone/neodrone_serveur/client-library/src/test/resources
2018-03-26 08:48:56,964 [Worker-0] INFO  o.e.m.c.i.embedder.EclipseLogger - Using 'UTF-8' encoding to copy filtered resources.
2018-03-26 08:48:56,964 [Worker-0] INFO  o.e.m.c.i.embedder.EclipseLogger - skip non existing resourceDirectory /home/infoetu/sengesc/neodrone/neodrone_serveur/war/src/main/resources
2018-03-26 08:48:56,965 [Worker-0] INFO  o.e.m.c.i.embedder.EclipseLogger - Using 'UTF-8' encoding to copy filtered resources.
2018-03-26 08:48:56,966 [Worker-0] INFO  o.e.m.c.i.embedder.EclipseLogger - skip non existing resourceDirectory /home/infoetu/sengesc/neodrone/neodrone_serveur/war/src/test/resources
2018-03-26 08:50:29,433 [Worker-3] INFO  o.e.m.c.i.embedder.EclipseLogger - Using 'UTF-8' encoding to copy filtered resources.
2018-03-26 08:50:29,438 [Worker-3] INFO  o.e.m.c.i.embedder.EclipseLogger - Copying 0 resource
2018-03-26 08:50:29,439 [Worker-3] INFO  o.e.m.c.i.embedder.EclipseLogger - Copying 0 resource
2018-03-26 08:50:29,440 [Worker-3] INFO  o.e.m.c.i.embedder.EclipseLogger - Using 'UTF-8' encoding to copy filtered resources.
2018-03-26 08:50:29,441 [Worker-3] INFO  o.e.m.c.i.embedder.EclipseLogger - skip non existing resourceDirectory /home/infoetu/sengesc/neodrone/neodrone_serveur/server/src/test/resources
2018-03-26 08:57:21,627 [Worker-3] INFO  o.e.m.c.i.embedder.EclipseLogger - Using 'UTF-8' encoding to copy filtered resources.
2018-03-26 08:57:21,628 [Worker-3] INFO  o.e.m.c.i.embedder.EclipseLogger - Copying 0 resource
2018-03-26 08:57:21,629 [Worker-3] INFO  o.e.m.c.i.embedder.EclipseLogger - Copying 0 resource
2018-03-26 08:57:21,630 [Worker-3] INFO  o.e.m.c.i.embedder.EclipseLogger - Using 'UTF-8' encoding to copy filtered resources.
2018-03-26 08:57:21,631 [Worker-3] INFO  o.e.m.c.i.embedder.EclipseLogger - skip non existing resourceDirectory /home/infoetu/sengesc/neodrone/neodrone_serveur/server/src/test/resources
2018-03-26 08:59:31,205 [Worker-15] INFO  o.e.m.c.i.embedder.EclipseLogger - Using 'UTF-8' encoding to copy filtered resources.
2018-03-26 08:59:31,208 [Worker-15] INFO  o.e.m.c.i.embedder.EclipseLogger - Copying 0 resource
2018-03-26 08:59:31,209 [Worker-15] INFO  o.e.m.c.i.embedder.EclipseLogger - Copying 2 resources
2018-03-26 08:59:31,221 [Worker-15] INFO  o.e.m.c.i.embedder.EclipseLogger - Using 'UTF-8' encoding to copy filtered resources.
2018-03-26 08:59:31,222 [Worker-15] INFO  o.e.m.c.i.embedder.EclipseLogger - skip non existing resourceDirectory /home/infoetu/sengesc/neodrone/neodrone_serveur/server/src/test/resources
2018-03-26 08:59:43,299 [Worker-9] INFO  o.e.m.c.i.embedder.EclipseLogger - Using 'UTF-8' encoding to copy filtered resources.
2018-03-26 08:59:43,299 [Worker-9] INFO  o.e.m.c.i.embedder.EclipseLogger - Copying 0 resource
2018-03-26 08:59:43,299 [Worker-9] INFO  o.e.m.c.i.embedder.EclipseLogger - Copying 0 resource
2018-03-26 08:59:43,300 [Worker-9] INFO  o.e.m.c.i.embedder.EclipseLogger - Using 'UTF-8' encoding to copy filtered resources.
2018-03-26 08:59:43,300 [Worker-9] INFO  o.e.m.c.i.embedder.EclipseLogger - skip non existing resourceDirectory /home/infoetu/sengesc/neodrone/neodrone_serveur/server/src/test/resources
2018-03-26 08:59:47,627 [Worker-9] INFO  o.e.m.c.i.embedder.EclipseLogger - Using 'UTF-8' encoding to copy filtered resources.
2018-03-26 08:59:47,627 [Worker-9] INFO  o.e.m.c.i.embedder.EclipseLogger - Copying 0 resource
2018-03-26 08:59:47,627 [Worker-9] INFO  o.e.m.c.i.embedder.EclipseLogger - Copying 0 resource
2018-03-26 08:59:47,629 [Worker-9] INFO  o.e.m.c.i.embedder.EclipseLogger - Using 'UTF-8' encoding to copy filtered resources.
2018-03-26 08:59:47,629 [Worker-9] INFO  o.e.m.c.i.embedder.EclipseLogger - skip non existing resourceDirectory /home/infoetu/sengesc/neodrone/neodrone_serveur/server/src/test/resources
2018-03-26 08:59:56,980 [Worker-13] INFO  o.e.m.c.i.embedder.EclipseLogger - Using 'UTF-8' encoding to copy filtered resources.
2018-03-26 08:59:56,981 [Worker-13] INFO  o.e.m.c.i.embedder.EclipseLogger - Copying 0 resource
2018-03-26 08:59:56,981 [Worker-13] INFO  o.e.m.c.i.embedder.EclipseLogger - Copying 0 resource
2018-03-26 08:59:56,983 [Worker-13] INFO  o.e.m.c.i.embedder.EclipseLogger - Using 'UTF-8' encoding to copy filtered resources.
2018-03-26 08:59:56,983 [Worker-13] INFO  o.e.m.c.i.embedder.EclipseLogger - skip non existing resourceDirectory /home/infoetu/sengesc/neodrone/neodrone_serveur/server/src/test/resources
2018-03-26 09:06:53,676 [Worker-18] INFO  o.e.m.c.i.embedder.EclipseLogger - Using 'UTF-8' encoding to copy filtered resources.
2018-03-26 09:06:53,682 [Worker-18] INFO  o.e.m.c.i.embedder.EclipseLogger - Copying 1 resource
2018-03-26 09:06:53,692 [Worker-18] INFO  o.e.m.c.i.embedder.EclipseLogger - Copying 32 resources
2018-03-26 09:06:53,694 [Worker-18] INFO  o.e.m.c.i.embedder.EclipseLogger - Using 'UTF-8' encoding to copy filtered resources.
2018-03-26 09:06:53,694 [Worker-18] INFO  o.e.m.c.i.embedder.EclipseLogger - skip non existing resourceDirectory /home/infoetu/sengesc/neodrone/neodrone_serveur/server/src/test/resources
2018-03-26 09:07:43,343 [Worker-17] INFO  o.e.m.c.i.embedder.EclipseLogger - Using 'UTF-8' encoding to copy filtered resources.
2018-03-26 09:07:43,344 [Worker-17] INFO  o.e.m.c.i.embedder.EclipseLogger - Copying 0 resource
2018-03-26 09:07:43,344 [Worker-17] INFO  o.e.m.c.i.embedder.EclipseLogger - Copying 0 resource
2018-03-26 09:07:43,344 [Worker-17] INFO  o.e.m.c.i.embedder.EclipseLogger - Using 'UTF-8' encoding to copy filtered resources.
2018-03-26 09:07:43,345 [Worker-17] INFO  o.e.m.c.i.embedder.EclipseLogger - skip non existing resourceDirectory /home/infoetu/sengesc/neodrone/neodrone_serveur/server/src/test/resources
2018-03-26 09:07:46,398 [Worker-14] INFO  o.e.m.c.i.embedder.EclipseLogger - Using 'UTF-8' encoding to copy filtered resources.
2018-03-26 09:07:46,399 [Worker-14] INFO  o.e.m.c.i.embedder.EclipseLogger - Copying 0 resource
2018-03-26 09:07:46,400 [Worker-14] INFO  o.e.m.c.i.embedder.EclipseLogger - Copying 0 resource
2018-03-26 09:07:46,401 [Worker-14] INFO  o.e.m.c.i.embedder.EclipseLogger - Using 'UTF-8' encoding to copy filtered resources.
2018-03-26 09:07:46,401 [Worker-14] INFO  o.e.m.c.i.embedder.EclipseLogger - skip non existing resourceDirectory /home/infoetu/sengesc/neodrone/neodrone_serveur/server/src/test/resources
2018-03-26 09:17:08,802 [Worker-17] INFO  o.e.m.c.i.embedder.EclipseLogger - Using 'UTF-8' encoding to copy filtered resources.
2018-03-26 09:17:08,803 [Worker-17] INFO  o.e.m.c.i.embedder.EclipseLogger - Copying 1 resource
2018-03-26 09:17:08,813 [Worker-17] INFO  o.e.m.c.i.embedder.EclipseLogger - Copying 32 resources
2018-03-26 09:17:08,815 [Worker-17] INFO  o.e.m.c.i.embedder.EclipseLogger - Using 'UTF-8' encoding to copy filtered resources.
2018-03-26 09:17:08,816 [Worker-17] INFO  o.e.m.c.i.embedder.EclipseLogger - skip non existing resourceDirectory /home/infoetu/sengesc/neodrone/neodrone_serveur/server/src/test/resources
2018-03-26 09:18:00,594 [Start Help Server] INFO  org.eclipse.jetty.util.log - Logging initialized @1846246ms to org.eclipse.jetty.util.log.Slf4jLog
2018-03-26 09:18:00,676 [Start Help Server] INFO  org.eclipse.jetty.server.Server - jetty-9.4.6.v20170531
2018-03-26 09:18:00,692 [Start Help Server] INFO  org.eclipse.jetty.server.session - DefaultSessionIdManager workerName=node0
2018-03-26 09:18:00,693 [Start Help Server] INFO  org.eclipse.jetty.server.session - No SessionScavenger set, using defaults
2018-03-26 09:18:00,694 [Start Help Server] INFO  org.eclipse.jetty.server.session - Scavenging every 660000ms
2018-03-26 09:18:00,717 [Start Help Server] INFO  o.e.j.server.handler.ContextHandler - Started o.e.j.s.ServletContextHandler@7be4615c{/help,null,AVAILABLE}
2018-03-26 09:18:00,733 [Start Help Server] INFO  o.e.jetty.server.AbstractConnector - Started ServerConnector@37610e29{HTTP/1.1,[http/1.1]}{127.0.0.1:38835}
2018-03-26 09:18:00,734 [Start Help Server] INFO  org.eclipse.jetty.server.Server - Started @1846386ms
2018-03-26 09:40:19,932 [Worker-30] INFO  o.e.m.c.i.embedder.EclipseLogger - Using 'UTF-8' encoding to copy filtered resources.
2018-03-26 09:40:19,933 [Worker-30] INFO  o.e.m.c.i.embedder.EclipseLogger - Copying 0 resource
2018-03-26 09:40:19,933 [Worker-30] INFO  o.e.m.c.i.embedder.EclipseLogger - Copying 0 resource
2018-03-26 09:40:19,934 [Worker-30] INFO  o.e.m.c.i.embedder.EclipseLogger - Using 'UTF-8' encoding to copy filtered resources.
2018-03-26 09:40:19,935 [Worker-30] INFO  o.e.m.c.i.embedder.EclipseLogger - skip non existing resourceDirectory /home/infoetu/sengesc/neodrone/neodrone_serveur/server/src/test/resources
2018-03-26 09:40:20,975 [Worker-30] INFO  o.e.m.c.i.embedder.EclipseLogger - Using 'UTF-8' encoding to copy filtered resources.
2018-03-26 09:40:20,976 [Worker-30] INFO  o.e.m.c.i.embedder.EclipseLogger - Copying 0 resource
2018-03-26 09:40:20,977 [Worker-30] INFO  o.e.m.c.i.embedder.EclipseLogger - Using 'UTF-8' encoding to copy filtered resources.
2018-03-26 09:40:20,978 [Worker-30] INFO  o.e.m.c.i.embedder.EclipseLogger - skip non existing resourceDirectory /home/infoetu/sengesc/neodrone/neodrone_serveur/command-line-interface/src/test/resources
2018-03-26 09:40:20,982 [Worker-30] INFO  o.e.m.c.i.embedder.EclipseLogger - Using 'UTF-8' encoding to copy filtered resources.
2018-03-26 09:40:20,983 [Worker-30] INFO  o.e.m.c.i.embedder.EclipseLogger - skip non existing resourceDirectory /home/infoetu/sengesc/neodrone/neodrone_serveur/common/src/main/resources
2018-03-26 09:40:20,983 [Worker-30] INFO  o.e.m.c.i.embedder.EclipseLogger - Using 'UTF-8' encoding to copy filtered resources.
2018-03-26 09:40:20,983 [Worker-30] INFO  o.e.m.c.i.embedder.EclipseLogger - skip non existing resourceDirectory /home/infoetu/sengesc/neodrone/neodrone_serveur/common/src/test/resources
2018-03-26 09:40:21,063 [Worker-30] INFO  o.e.m.c.i.l.LifecycleMappingFactory - Using org.eclipse.m2e.jdt.JarLifecycleMapping lifecycle mapping for MavenProject: fr.iutinfo.skeleton:server:1.0-SNAPSHOT @ /home/infoetu/sengesc/neodrone/neodrone_serveur/server/pom.xml.
2018-03-26 09:40:21,216 [Worker-30] INFO  o.e.m.c.i.l.LifecycleMappingFactory - Using org.maven.ide.eclipse.wtp.WarLifecycleMapping lifecycle mapping for MavenProject: fr.iutinfo.skeleton:war:1.0-SNAPSHOT @ /home/infoetu/sengesc/neodrone/neodrone_serveur/war/pom.xml.
2018-03-26 09:40:21,268 [Worker-30] INFO  o.e.m.c.i.l.LifecycleMappingFactory - Using org.eclipse.m2e.jdt.JarLifecycleMapping lifecycle mapping for MavenProject: fr.iutinfo.skeleton:client-library:1.0-SNAPSHOT @ /home/infoetu/sengesc/neodrone/neodrone_serveur/client-library/pom.xml.
2018-03-26 09:40:21,706 [Worker-30] INFO  o.e.m.c.i.embedder.EclipseLogger - Using 'UTF-8' encoding to copy filtered resources.
2018-03-26 09:40:21,707 [Worker-30] INFO  o.e.m.c.i.embedder.EclipseLogger - Copying 1 resource
2018-03-26 09:40:21,717 [Worker-30] INFO  o.e.m.c.i.embedder.EclipseLogger - Copying 32 resources
2018-03-26 09:40:21,718 [Worker-30] INFO  o.e.m.c.i.embedder.EclipseLogger - Using 'UTF-8' encoding to copy filtered resources.
2018-03-26 09:40:21,718 [Worker-30] INFO  o.e.m.c.i.embedder.EclipseLogger - skip non existing resourceDirectory /home/infoetu/sengesc/neodrone/neodrone_serveur/server/src/test/resources
2018-03-26 09:40:21,880 [Worker-30] INFO  o.e.m.c.i.embedder.EclipseLogger - Using 'UTF-8' encoding to copy filtered resources.
2018-03-26 09:40:21,880 [Worker-30] INFO  o.e.m.c.i.embedder.EclipseLogger - skip non existing resourceDirectory /home/infoetu/sengesc/neodrone/neodrone_serveur/client-library/src/main/resources
2018-03-26 09:40:21,880 [Worker-30] INFO  o.e.m.c.i.embedder.EclipseLogger - Using 'UTF-8' encoding to copy filtered resources.
2018-03-26 09:40:21,880 [Worker-30] INFO  o.e.m.c.i.embedder.EclipseLogger - skip non existing resourceDirectory /home/infoetu/sengesc/neodrone/neodrone_serveur/client-library/src/test/resources
2018-03-26 09:40:21,987 [Worker-30] INFO  o.e.m.c.i.embedder.EclipseLogger - Using 'UTF-8' encoding to copy filtered resources.
2018-03-26 09:40:21,987 [Worker-30] INFO  o.e.m.c.i.embedder.EclipseLogger - skip non existing resourceDirectory /home/infoetu/sengesc/neodrone/neodrone_serveur/war/src/main/resources
2018-03-26 09:40:21,988 [Worker-30] INFO  o.e.m.c.i.embedder.EclipseLogger - Using 'UTF-8' encoding to copy filtered resources.
2018-03-26 09:40:21,988 [Worker-30] INFO  o.e.m.c.i.embedder.EclipseLogger - skip non existing resourceDirectory /home/infoetu/sengesc/neodrone/neodrone_serveur/war/src/test/resources
2018-03-26 09:49:35,511 [Worker-35] INFO  o.e.m.c.i.embedder.EclipseLogger - Using 'UTF-8' encoding to copy filtered resources.
2018-03-26 09:49:35,512 [Worker-35] INFO  o.e.m.c.i.embedder.EclipseLogger - Copying 0 resource
2018-03-26 09:49:35,512 [Worker-35] INFO  o.e.m.c.i.embedder.EclipseLogger - Copying 0 resource
2018-03-26 09:49:35,513 [Worker-35] INFO  o.e.m.c.i.embedder.EclipseLogger - Using 'UTF-8' encoding to copy filtered resources.
2018-03-26 09:49:35,513 [Worker-35] INFO  o.e.m.c.i.embedder.EclipseLogger - skip non existing resourceDirectory /home/infoetu/sengesc/neodrone/neodrone_serveur/server/src/test/resources
2018-03-26 09:49:35,876 [Worker-41] INFO  o.e.m.c.i.embedder.EclipseLogger - Using 'UTF-8' encoding to copy filtered resources.
2018-03-26 09:49:35,876 [Worker-41] INFO  o.e.m.c.i.embedder.EclipseLogger - Copying 0 resource
2018-03-26 09:49:35,877 [Worker-41] INFO  o.e.m.c.i.embedder.EclipseLogger - Using 'UTF-8' encoding to copy filtered resources.
2018-03-26 09:49:35,879 [Worker-41] INFO  o.e.m.c.i.embedder.EclipseLogger - skip non existing resourceDirectory /home/infoetu/sengesc/neodrone/neodrone_serveur/command-line-interface/src/test/resources
2018-03-26 09:49:35,903 [Worker-41] INFO  o.e.m.c.i.embedder.EclipseLogger - Using 'UTF-8' encoding to copy filtered resources.
2018-03-26 09:49:35,904 [Worker-41] INFO  o.e.m.c.i.embedder.EclipseLogger - skip non existing resourceDirectory /home/infoetu/sengesc/neodrone/neodrone_serveur/common/src/main/resources
2018-03-26 09:49:35,905 [Worker-41] INFO  o.e.m.c.i.embedder.EclipseLogger - Using 'UTF-8' encoding to copy filtered resources.
2018-03-26 09:49:35,906 [Worker-41] INFO  o.e.m.c.i.embedder.EclipseLogger - skip non existing resourceDirectory /home/infoetu/sengesc/neodrone/neodrone_serveur/common/src/test/resources
2018-03-26 09:49:35,954 [Worker-41] INFO  o.e.m.c.i.embedder.EclipseLogger - Using 'UTF-8' encoding to copy filtered resources.
2018-03-26 09:49:35,954 [Worker-41] INFO  o.e.m.c.i.embedder.EclipseLogger - Copying 0 resource
2018-03-26 09:49:35,954 [Worker-41] INFO  o.e.m.c.i.embedder.EclipseLogger - Copying 20 resources
2018-03-26 09:49:35,993 [Worker-41] INFO  o.e.m.c.i.embedder.EclipseLogger - Using 'UTF-8' encoding to copy filtered resources.
2018-03-26 09:49:35,993 [Worker-41] INFO  o.e.m.c.i.embedder.EclipseLogger - skip non existing resourceDirectory /home/infoetu/sengesc/neodrone/neodrone_serveur/server/src/test/resources
2018-03-26 09:49:36,006 [Worker-41] INFO  o.e.m.c.i.embedder.EclipseLogger - Using 'UTF-8' encoding to copy filtered resources.
2018-03-26 09:49:36,006 [Worker-41] INFO  o.e.m.c.i.embedder.EclipseLogger - skip non existing resourceDirectory /home/infoetu/sengesc/neodrone/neodrone_serveur/client-library/src/main/resources
2018-03-26 09:49:36,006 [Worker-41] INFO  o.e.m.c.i.embedder.EclipseLogger - Using 'UTF-8' encoding to copy filtered resources.
2018-03-26 09:49:36,006 [Worker-41] INFO  o.e.m.c.i.embedder.EclipseLogger - skip non existing resourceDirectory /home/infoetu/sengesc/neodrone/neodrone_serveur/client-library/src/test/resources
2018-03-26 09:49:36,015 [Worker-41] INFO  o.e.m.c.i.embedder.EclipseLogger - Using 'UTF-8' encoding to copy filtered resources.
2018-03-26 09:49:36,016 [Worker-41] INFO  o.e.m.c.i.embedder.EclipseLogger - skip non existing resourceDirectory /home/infoetu/sengesc/neodrone/neodrone_serveur/war/src/main/resources
2018-03-26 09:49:36,016 [Worker-41] INFO  o.e.m.c.i.embedder.EclipseLogger - Using 'UTF-8' encoding to copy filtered resources.
2018-03-26 09:49:36,016 [Worker-41] INFO  o.e.m.c.i.embedder.EclipseLogger - skip non existing resourceDirectory /home/infoetu/sengesc/neodrone/neodrone_serveur/war/src/test/resources
2018-03-26 09:49:42,330 [Worker-30] INFO  o.e.m.c.i.embedder.EclipseLogger - Using 'UTF-8' encoding to copy filtered resources.
2018-03-26 09:49:42,331 [Worker-30] INFO  o.e.m.c.i.embedder.EclipseLogger - Copying 0 resource
2018-03-26 09:49:42,331 [Worker-30] INFO  o.e.m.c.i.embedder.EclipseLogger - Copying 0 resource
2018-03-26 09:49:42,331 [Worker-30] INFO  o.e.m.c.i.embedder.EclipseLogger - Using 'UTF-8' encoding to copy filtered resources.
2018-03-26 09:49:42,331 [Worker-30] INFO  o.e.m.c.i.embedder.EclipseLogger - skip non existing resourceDirectory /home/infoetu/sengesc/neodrone/neodrone_serveur/server/src/test/resources
2018-03-26 09:50:41,510 [Worker-36] INFO  o.e.m.c.i.embedder.EclipseLogger - Using 'UTF-8' encoding to copy filtered resources.
2018-03-26 09:50:41,511 [Worker-36] INFO  o.e.m.c.i.embedder.EclipseLogger - Copying 0 resource
2018-03-26 09:50:41,511 [Worker-36] INFO  o.e.m.c.i.embedder.EclipseLogger - Copying 0 resource
2018-03-26 09:50:41,512 [Worker-36] INFO  o.e.m.c.i.embedder.EclipseLogger - Using 'UTF-8' encoding to copy filtered resources.
2018-03-26 09:50:41,512 [Worker-36] INFO  o.e.m.c.i.embedder.EclipseLogger - skip non existing resourceDirectory /home/infoetu/sengesc/neodrone/neodrone_serveur/server/src/test/resources
2018-03-26 10:08:21,150 [Worker-44] INFO  o.e.m.c.i.l.LifecycleMappingFactory - Using org.eclipse.m2e.jdt.JarLifecycleMapping lifecycle mapping for MavenProject: fr.iutinfo.skeleton:server:1.0-SNAPSHOT @ /home/infoetu/sengesc/neodrone/neodrone_serveur/server/pom.xml.
2018-03-26 10:08:21,668 [Worker-44] INFO  o.e.m.c.i.l.LifecycleMappingFactory - Using org.maven.ide.eclipse.wtp.WarLifecycleMapping lifecycle mapping for MavenProject: fr.iutinfo.skeleton:war:1.0-SNAPSHOT @ /home/infoetu/sengesc/neodrone/neodrone_serveur/war/pom.xml.
2018-03-26 10:08:21,744 [Worker-44] INFO  o.e.m.c.i.l.LifecycleMappingFactory - Using org.eclipse.m2e.jdt.JarLifecycleMapping lifecycle mapping for MavenProject: fr.iutinfo.skeleton:client-library:1.0-SNAPSHOT @ /home/infoetu/sengesc/neodrone/neodrone_serveur/client-library/pom.xml.
2018-03-26 10:08:22,826 [Worker-44] ERROR o.e.m.jdt.internal.BuildPathManager - Can't close output stream for /home/infoetu/sengesc/neodrone/neodrone_serveur/.metadata/.plugins/org.eclipse.m2e.jdt/server.container
java.io.IOException: Débordement du quota d'espace disque
	at java.io.FileOutputStream.close0(Native Method) ~[na:1.8.0_71]
	at java.io.FileOutputStream.access$000(FileO